[2014/09/02 11:37:21] ERROR: ASSERT(connection->user) failed at RtmpChat.cpp:252
[2014/09/02 15:24:38] ERROR: Unable to read 4 bytes from the file. Cursor: 1019663 (0x00000000); 1019663 ((null))
[2014/09/02 15:24:38] ERROR: Cannot create a file when that file already exists. - Unable to read 4 bytes from the file. Cursor: 1019663 (0x00000000); 1019663 ((null))
[2014/09/02 15:24:38] ERROR: Cannot create a file when that file already exists. - Unable to read 4 bytes from the file. Cursor: 1019663 (0x00000000); 1019663 ((null))
[2014/09/02 15:24:38] ERROR: Cannot create a file when that file already exists. - Unable to read 4 bytes from the file. Cursor: 1019663 (0x00000000); 1019663 ((null))
[2014/09/02 15:25:01] ERROR: Unable to read 4 bytes from the file. Cursor: 2255759 (0x00000000); 2255759 ((null))
[2014/09/02 16:38:30] ERROR: ASSERT(connection->user) failed at RtmpChat.cpp:252
[2014/09/04 11:46:31] ERROR: ASSERT(connection->user) failed at RtmpChat.cpp:252
[2014/09/05 12:08:29] ERROR: ASSERT(connection->user) failed at RtmpChat.cpp:252
[2014/09/05 12:08:29] ERROR: ASSERT(connection->user) failed at RtmpChat.cpp:252
[2014/09/05 12:08:29] ERROR: ASSERT(connection->user) failed at RtmpChat.cpp:252
[2014/09/05 16:12:41] ERROR: ASSERT(connection->user) failed at RtmpChat.cpp:252
[2014/09/05 20:23:24] ERROR: ASSERT(connection->user) failed at RtmpChat.cpp:252
[2014/09/07 15:03:08] ERROR: ASSERT(connection->user) failed at RtmpChat.cpp:252
[2014/09/07 15:27:52] ERROR: ASSERT(connection->user) failed at RtmpChat.cpp:252
[2014/09/07 17:52:18] ERROR: ASSERT(connection->user) failed at RtmpChat.cpp:252
[2014/09/07 17:52:19] ERROR: ASSERT(connection->user) failed at RtmpChat.cpp:252
[2014/09/07 21:12:25] ERROR: ASSERT(connection->user) failed at RtmpChat.cpp:252
[2014/09/07 21:12:25] ERROR: ASSERT(connection->user) failed at RtmpChat.cpp:252
[2014/09/07 21:12:25] ERROR: ASSERT(connection->user) failed at RtmpChat.cpp:252
[2014/09/07 21:15:40] ERROR: ASSERT(connection->user) failed at RtmpChat.cpp:252
[2014/09/07 21:15:40] ERROR: ASSERT(connection->user) failed at RtmpChat.cpp:252
[2014/09/07 21:15:40] ERROR: ASSERT(connection->user) failed at RtmpChat.cpp:252
[2014/09/08 10:07:52] ERROR: ASSERT(connection->user) failed at RtmpChat.cpp:252
[2014/09/08 10:07:52] ERROR: ASSERT(connection->user) failed at RtmpChat.cpp:252
[2014/09/08 11:09:28] ERROR: ASSERT(connection->user) failed at RtmpChat.cpp:252
[2014/09/08 11:09:28] ERROR: ASSERT(connection->user) failed at RtmpChat.cpp:252
[2014/09/08 11:09:28] ERROR: ASSERT(connection->user) failed at RtmpChat.cpp:252
[2014/09/09 00:12:44] ERROR: ASSERT(res) failed at RtmpStreamOut.cpp:159
[2014/09/09 00:12:44] ERROR: Cannot create a file when that file already exists. - ASSERT(res) failed at RtmpConnection.cpp:374
[2014/09/09 14:58:38] ERROR: ASSERT(connection->user) failed at RtmpChat.cpp:252
[2014/09/09 14:58:38] ERROR: ASSERT(connection->user) failed at RtmpChat.cpp:252
[2014/09/09 14:58:58] ERROR: ASSERT(connection->user) failed at RtmpChat.cpp:252
[2014/09/09 14:59:11] ERROR: ASSERT(connection->user) failed at RtmpChat.cpp:252
[2014/09/10 11:14:25] ERROR: Unable to read 4 bytes from the file. Cursor: 70163 (0x00000000); 70163 ((null))
[2014/09/10 12:29:28] ERROR: ASSERT(connection->user) failed at RtmpChat.cpp:252
[2014/09/10 12:48:09] ERROR: ASSERT(res) failed at RtmpStreamOut.cpp:159
[2014/09/10 13:52:54] ERROR: Unable to read 4 bytes from the file. Cursor: 13 (0x00000000); 13 ((null))
[2014/09/10 13:52:54] ERROR: ASSERT(position <= _size.QuadPart) failed at file.cpp:152
[2014/09/10 13:52:54] ERROR: Cannot create a file when that file already exists. - Unable to read 4 bytes from the file. Cursor: 13 (0x00000000); 13 ((null))
[2014/09/10 13:54:15] ERROR: Unable to read 4 bytes from the file. Cursor: 8187 (0x00000000); 8187 ((null))
[2014/09/10 13:54:38] ERROR: Unable to read 4 bytes from the file. Cursor: 100541 (0x00000000); 100541 ((null))
[2014/09/10 13:55:17] ERROR: Unable to read 4 bytes from the file. Cursor: 141533 (0x00000000); 141533 ((null))
[2014/09/10 13:55:46] ERROR: Unable to read 4 bytes from the file. Cursor: 315017 (0x00000000); 315017 ((null))
[2014/09/10 14:03:31] ERROR: Unable to read 4 bytes from the file. Cursor: 482035 (0x00000000); 482035 ((null))
[2014/09/10 17:51:30] ERROR: Unable to read 4 bytes from the file. Cursor: 160199 (0x00000000); 160199 ((null))
[2014/09/10 18:59:14] ERROR: ASSERT(res) failed at RtmpStreamOut.cpp:159
[2014/09/10 18:59:14] ERROR: Cannot create a file when that file already exists. - ASSERT(res) failed at RtmpConnection.cpp:374
[2014/09/10 19:09:02] ERROR: ASSERT(res) failed at RtmpStreamOut.cpp:159
[2014/09/10 19:09:02] ERROR: Cannot create a file when that file already exists. - ASSERT(res) failed at RtmpConnection.cpp:374
[2014/09/12 09:30:16] ERROR: ServerRun::msg_peek timeout
[2014/09/12 09:53:41] ERROR: ServerRun::msg_peek timeout
[2014/09/12 09:53:41] ERROR: ServerRun::msg_peek timeout
[2014/09/12 09:53:41] ERROR: ServerRun::msg_peek timeout
[2014/09/12 09:53:41] ERROR: ServerRun::msg_peek timeout
[2014/09/12 09:54:11] ERROR: ServerRun::msg_peek timeout
[2014/09/12 09:54:11] ERROR: ServerRun::msg_peek timeout
[2014/09/12 10:00:26] ERROR: ServerRun::msg_peek timeout
[2014/09/12 10:00:46] ERROR: ASSERT(position <= _size.QuadPart) failed at file.cpp:152
[2014/09/12 10:00:46] ERROR: Cannot create a file when that file already exists. - Unable to read 4 bytes from the file. Cursor: 13 (0x00000000); 13 ((null))
[2014/09/12 10:01:48] ERROR: ServerRun::msg_peek timeout
[2014/09/12 10:12:19] ERROR: ServerRun::msg_peek timeout
[2014/09/12 10:12:19] ERROR: ServerRun::msg_peek timeout
[2014/09/12 10:12:29] ERROR: ServerRun::msg_peek timeout
[2014/09/12 10:12:29] ERROR: ServerRun::msg_peek timeout
[2014/09/12 10:21:12] ERROR: ServerRun::msg_peek timeout
[2014/09/12 10:21:12] ERROR: ServerRun::msg_peek timeout
[2014/09/12 10:25:02] ERROR: ServerRun::msg_peek timeout
[2014/09/12 10:25:02] ERROR: ServerRun::msg_peek timeout
[2014/09/12 10:25:02] ERROR: ServerRun::msg_peek timeout
[2014/09/12 10:26:20] ERROR: ServerRun::msg_peek timeout
[2014/09/12 10:26:30] ERROR: ServerRun::msg_peek timeout
[2014/09/12 10:26:30] ERROR: ServerRun::msg_peek timeout
[2014/09/12 10:26:30] ERROR: ServerRun::msg_peek timeout
[2014/09/12 10:44:34] ERROR: An existing connection was forcibly closed by the remote host. - ServerRun::msg_peek timeout
[2014/09/12 10:57:35] ERROR: ServerRun::msg_peek timeout
[2014/09/12 10:57:35] ERROR: ServerRun::msg_peek timeout
[2014/09/12 10:57:35] ERROR: ServerRun::msg_peek timeout
[2014/09/12 10:57:35] ERROR: ServerRun::msg_peek timeout
[2014/09/12 10:59:25] ERROR: ServerRun::msg_peek timeout
[2014/09/12 10:59:25] ERROR: ServerRun::msg_peek timeout
[2014/09/12 10:59:25] ERROR: ServerRun::msg_peek timeout
[2014/09/12 10:59:25] ERROR: ServerRun::msg_peek timeout
[2014/09/12 11:00:03] ERROR: ServerRun::msg_peek timeout
[2014/09/12 11:00:03] ERROR: ServerRun::msg_peek timeout
[2014/09/12 11:00:03] ERROR: ServerRun::msg_peek timeout
[2014/09/12 11:01:02] ERROR: ServerRun::msg_peek timeout
[2014/09/12 11:05:00] ERROR: ServerRun::msg_peek timeout
[2014/09/12 11:06:07] ERROR: ServerRun::msg_peek timeout
[2014/09/12 11:09:32] ERROR: ServerRun::msg_peek timeout
[2014/09/12 11:09:40] ERROR: ServerRun::msg_peek timeout
[2014/09/12 11:10:11] ERROR: ServerRun::msg_peek timeout
[2014/09/12 11:13:26] ERROR: ServerRun::msg_peek timeout
[2014/09/12 11:14:04] ERROR: ServerRun::msg_peek timeout
[2014/09/12 11:21:58] ERROR: ServerRun::msg_peek timeout
[2014/09/12 11:21:58] ERROR: ServerRun::msg_peek timeout
[2014/09/12 11:25:18] ERROR: ServerRun::msg_peek timeout
[2014/09/12 11:26:03] ERROR: ServerRun::msg_peek timeout
[2014/09/12 11:27:23] ERROR: ServerRun::msg_peek timeout
[2014/09/12 11:46:23] ERROR: ServerRun::msg_peek timeout
[2014/09/12 13:03:20] ERROR: ServerRun::msg_peek timeout
[2014/09/12 13:03:20] ERROR: ServerRun::msg_peek timeout
[2014/09/12 13:03:20] ERROR: ServerRun::msg_peek timeout
[2014/09/12 13:28:15] ERROR: ServerRun::msg_peek timeout
[2014/09/12 13:28:50] ERROR: ServerRun::msg_peek timeout
[2014/09/12 13:29:09] ERROR: ServerRun::msg_peek timeout
[2014/09/12 13:40:09] ERROR: ServerRun::msg_peek timeout
[2014/09/12 13:54:48] ERROR: ServerRun::msg_peek timeout
[2014/09/12 13:58:18] ERROR: ServerRun::msg_peek timeout
[2014/09/12 14:02:29] ERROR: ServerRun::msg_peek timeout
[2014/09/12 14:11:09] ERROR: ServerRun::msg_peek timeout
[2014/09/12 14:11:27] ERROR: ServerRun::msg_peek timeout
[2014/09/12 14:11:27] ERROR: ServerRun::msg_peek timeout
[2014/09/12 14:12:01] ERROR: ServerRun::msg_peek timeout
[2014/09/12 14:12:59] ERROR: ServerRun::msg_peek timeout
[2014/09/12 14:14:22] ERROR: ServerRun::msg_peek timeout
[2014/09/12 14:14:22] ERROR: ServerRun::msg_peek timeout
[2014/09/12 14:22:39] ERROR: ServerRun::msg_peek timeout
[2014/09/12 14:23:07] ERROR: ServerRun::msg_peek timeout
[2014/09/12 14:23:17] ERROR: ServerRun::msg_peek timeout
[2014/09/12 14:23:17] ERROR: ServerRun::msg_peek timeout
[2014/09/12 14:23:17] ERROR: ServerRun::msg_peek timeout
[2014/09/12 14:25:40] ERROR: ServerRun::msg_peek timeout
[2014/09/12 14:29:32] ERROR: ServerRun::msg_peek timeout
[2014/09/12 14:29:42] ERROR: ServerRun::msg_peek timeout
[2014/09/12 14:29:42] ERROR: ServerRun::msg_peek timeout
[2014/09/12 14:29:42] ERROR: ServerRun::msg_peek timeout
[2014/09/12 14:29:42] ERROR: ServerRun::msg_peek timeout
[2014/09/12 14:30:59] ERROR: ServerRun::msg_peek timeout
[2014/09/12 14:31:09] ERROR: ServerRun::msg_peek timeout
[2014/09/12 14:31:09] ERROR: ServerRun::msg_peek timeout
[2014/09/12 15:45:08] ERROR: ServerRun::msg_peek timeout
[2014/09/12 15:45:08] ERROR: ServerRun::msg_peek timeout
[2014/09/12 15:48:46] ERROR: ServerRun::msg_peek timeout
[2014/09/12 15:48:46] ERROR: ServerRun::msg_peek timeout
[2014/09/12 15:48:46] ERROR: ServerRun::msg_peek timeout
[2014/09/12 15:48:46] ERROR: ServerRun::msg_peek timeout
[2014/09/12 15:48:46] ERROR: ServerRun::msg_peek timeout
[2014/09/12 16:09:38] ERROR: ServerRun::msg_peek timeout
[2014/09/12 16:09:38] ERROR: ServerRun::msg_peek timeout
[2014/09/12 16:09:38] ERROR: ServerRun::msg_peek timeout
[2014/09/12 23:02:24] ERROR: ServerRun::msg_peek timeout
[2014/09/12 23:02:24] ERROR: ServerRun::msg_peek timeout
[2014/09/12 23:02:24] ERROR: ServerRun::msg_peek timeout
[2014/09/12 23:04:28] ERROR: ServerRun::msg_peek timeout
[2014/09/12 23:04:28] ERROR: ServerRun::msg_peek timeout
[2014/09/12 23:04:28] ERROR: ServerRun::msg_peek timeout
[2014/09/12 23:09:53] ERROR: ServerRun::msg_peek timeout
[2014/09/12 23:09:53] ERROR: ServerRun::msg_peek timeout
[2014/09/13 05:39:57] ERROR: ServerRun::msg_peek timeout
[2014/09/13 13:28:55] ERROR: ServerRun::msg_peek timeout
[2014/09/13 13:39:53] ERROR: ServerRun::msg_peek timeout
[2014/09/13 13:39:53] ERROR: ServerRun::msg_peek timeout
[2014/09/13 13:39:53] ERROR: ServerRun::msg_peek timeout
[2014/09/13 15:34:12] ERROR: ServerRun::msg_peek timeout
[2014/09/13 19:56:17] ERROR: ServerRun::msg_peek timeout
[2014/09/13 19:56:17] ERROR: ServerRun::msg_peek timeout
[2014/09/14 05:41:52] ERROR: ServerRun::msg_peek timeout
[2014/09/14 12:22:58] ERROR: ServerRun::msg_peek timeout
[2014/09/14 14:03:03] ERROR: ServerRun::msg_peek timeout
[2014/09/14 14:03:03] ERROR: ServerRun::msg_peek timeout
[2014/09/14 15:53:08] ERROR: ServerRun::msg_peek timeout
[2014/09/14 15:53:08] ERROR: ServerRun::msg_peek timeout
[2014/09/15 08:16:45] ERROR: ServerRun::msg_peek timeout
[2014/09/15 10:13:03] ERROR: ServerRun::msg_peek timeout
[2014/09/15 10:20:20] ERROR: ServerRun::msg_peek timeout
[2014/09/15 10:20:20] ERROR: ServerRun::msg_peek timeout
[2014/09/15 10:20:20] ERROR: ServerRun::msg_peek timeout
[2014/09/15 10:20:20] ERROR: ServerRun::msg_peek timeout
[2014/09/15 10:20:20] ERROR: ServerRun::msg_peek timeout
[2014/09/15 10:20:20] ERROR: ServerRun::msg_peek timeout
[2014/09/15 10:20:58] ERROR: ServerRun::msg_peek timeout
[2014/09/15 10:21:08] ERROR: ServerRun::msg_peek timeout
[2014/09/15 10:21:08] ERROR: ServerRun::msg_peek timeout
[2014/09/15 10:21:08] ERROR: ServerRun::msg_peek timeout
[2014/09/15 10:21:08] ERROR: ServerRun::msg_peek timeout
[2014/09/15 10:21:08] ERROR: ServerRun::msg_peek timeout
[2014/09/15 10:49:38] ERROR: ServerRun::msg_peek timeout
[2014/09/15 10:49:38] ERROR: ServerRun::msg_peek timeout
[2014/09/15 10:49:38] ERROR: ServerRun::msg_peek timeout
[2014/09/15 10:49:38] ERROR: ServerRun::msg_peek timeout
[2014/09/15 10:49:38] ERROR: ServerRun::msg_peek timeout
[2014/09/15 10:49:38] ERROR: ServerRun::msg_peek timeout
[2014/09/15 10:51:15] ERROR: ServerRun::msg_peek timeout
[2014/09/15 10:52:40] ERROR: ServerRun::msg_peek timeout
[2014/09/15 10:52:40] ERROR: ServerRun::msg_peek timeout
[2014/09/15 10:53:25] ERROR: ServerRun::msg_peek timeout
[2014/09/15 10:53:40] ERROR: ServerRun::msg_peek timeout
[2014/09/15 11:49:27] ERROR: An existing connection was forcibly closed by the remote host. - ServerRun::msg_peek timeout
[2014/09/15 11:49:27] ERROR: An existing connection was forcibly closed by the remote host. - ServerRun::msg_peek timeout
[2014/09/15 12:21:38] ERROR: ServerRun::msg_peek timeout
[2014/09/15 13:22:02] ERROR: ServerRun::msg_peek timeout
[2014/09/15 13:22:12] ERROR: ServerRun::msg_peek timeout
[2014/09/15 13:22:12] ERROR: ServerRun::msg_peek timeout
[2014/09/15 13:22:12] ERROR: ServerRun::msg_peek timeout
[2014/09/15 13:28:15] ERROR: ServerRun::msg_peek timeout
[2014/09/15 13:56:45] ERROR: ServerRun::msg_peek timeout
[2014/09/15 13:57:27] ERROR: ServerRun::msg_peek timeout
[2014/09/15 13:57:59] ERROR: An existing connection was forcibly closed by the remote host. - ServerRun::msg_peek timeout
[2014/09/15 13:57:59] ERROR: An existing connection was forcibly closed by the remote host. - ServerRun::msg_peek timeout
[2014/09/15 13:57:59] ERROR: An existing connection was forcibly closed by the remote host. - ServerRun::msg_peek timeout
[2014/09/15 13:57:59] ERROR: An existing connection was forcibly closed by the remote host. - ServerRun::msg_peek timeout
[2014/09/15 13:57:59] ERROR: An existing connection was forcibly closed by the remote host. - ServerRun::msg_peek timeout
[2014/09/15 14:00:30] ERROR: An existing connection was forcibly closed by the remote host. - ServerRun::msg_peek timeout
[2014/09/15 14:31:11] ERROR: ServerRun::msg_peek timeout
[2014/09/15 14:53:12] ERROR: ServerRun::msg_peek timeout
[2014/09/15 14:54:12] ERROR: ServerRun::msg_peek timeout
[2014/09/15 14:54:12] ERROR: ServerRun::msg_peek timeout
[2014/09/15 14:54:12] ERROR: ServerRun::msg_peek timeout
[2014/09/15 14:54:12] ERROR: ServerRun::msg_peek timeout
[2014/09/15 14:55:22] ERROR: ServerRun::msg_peek timeout
[2014/09/15 14:55:22] ERROR: ServerRun::msg_peek timeout
[2014/09/15 14:55:22] ERROR: ServerRun::msg_peek timeout
[2014/09/15 14:55:22] ERROR: ServerRun::msg_peek timeout
[2014/09/15 15:09:24] ERROR: ServerRun::msg_peek timeout
[2014/09/15 15:09:39] ERROR: ServerRun::msg_peek timeout
[2014/09/15 15:09:39] ERROR: ServerRun::msg_peek timeout
[2014/09/15 15:09:39] ERROR: ServerRun::msg_peek timeout
[2014/09/15 16:34:00] ERROR: An existing connection was forcibly closed by the remote host. - ServerRun::msg_peek timeout
[2014/09/15 16:34:00] ERROR: An existing connection was forcibly closed by the remote host. - ServerRun::msg_peek timeout
[2014/09/15 16:34:00] ERROR: An existing connection was forcibly closed by the remote host. - ServerRun::msg_peek timeout
[2014/09/15 20:00:03] ERROR: An existing connection was forcibly closed by the remote host. - ServerRun::msg_peek timeout
[2014/09/15 20:00:03] ERROR: An existing connection was forcibly closed by the remote host. - ServerRun::msg_peek timeout
[2014/09/15 20:00:19] ERROR: An existing connection was forcibly closed by the remote host. - ServerRun::msg_peek timeout
[2014/09/15 20:00:19] ERROR: An existing connection was forcibly closed by the remote host. - ServerRun::msg_peek timeout
[2014/09/15 20:00:41] ERROR: An existing connection was forcibly closed by the remote host. - ServerRun::msg_peek timeout
[2014/09/15 20:00:41] ERROR: An existing connection was forcibly closed by the remote host. - ServerRun::msg_peek timeout
[2014/09/15 20:01:13] ERROR: An existing connection was forcibly closed by the remote host. - ServerRun::msg_peek timeout
[2014/09/15 20:01:13] ERROR: An existing connection was forcibly closed by the remote host. - ServerRun::msg_peek timeout
[2014/09/15 20:01:37] ERROR: An existing connection was forcibly closed by the remote host. - ServerRun::msg_peek timeout
[2014/09/15 20:01:37] ERROR: An existing connection was forcibly closed by the remote host. - ServerRun::msg_peek timeout
[2014/09/15 21:27:13] ERROR: ServerRun::msg_peek timeout
[2014/09/16 08:21:23] ERROR: ServerRun::msg_peek timeout
[2014/09/16 08:21:23] ERROR: ServerRun::msg_peek timeout
[2014/09/16 09:23:15] ERROR: ServerRun::msg_peek timeout
[2014/09/16 09:37:12] ERROR: ServerRun::msg_peek timeout
[2014/09/16 09:45:34] ERROR: ServerRun::msg_peek timeout
[2014/09/16 09:45:34] ERROR: ServerRun::msg_peek timeout
[2014/09/16 09:45:34] ERROR: ServerRun::msg_peek timeout
[2014/09/16 09:58:27] ERROR: ServerRun::msg_peek timeout
[2014/09/16 10:28:21] ERROR: ServerRun::msg_peek timeout
[2014/09/16 10:37:26] ERROR: ServerRun::msg_peek timeout
[2014/09/16 10:49:05] ERROR: ServerRun::msg_peek timeout
[2014/09/16 10:49:43] ERROR: ServerRun::msg_peek timeout
[2014/09/16 11:01:19] ERROR: ServerRun::msg_peek timeout
[2014/09/16 11:01:19] ERROR: ServerRun::msg_peek timeout
[2014/09/16 11:01:19] ERROR: ServerRun::msg_peek timeout
[2014/09/16 11:01:19] ERROR: ServerRun::msg_peek timeout
[2014/09/16 11:01:19] ERROR: ServerRun::msg_peek timeout
[2014/09/16 11:40:21] ERROR: ServerRun::msg_peek timeout
[2014/09/16 11:47:05] ERROR: ServerRun::msg_peek timeout
[2014/09/16 11:56:58] ERROR: ServerRun::msg_peek timeout
[2014/09/16 12:06:11] ERROR: ServerRun::msg_peek timeout
[2014/09/16 13:05:04] ERROR: ServerRun::msg_peek timeout
[2014/09/16 13:06:44] ERROR: ServerRun::msg_peek timeout
[2014/09/16 13:06:44] ERROR: ServerRun::msg_peek timeout
[2014/09/16 17:14:33] ERROR: ServerRun::msg_peek timeout
[2014/09/16 17:14:43] ERROR: ServerRun::msg_peek timeout
[2014/09/16 17:14:43] ERROR: ServerRun::msg_peek timeout
[2014/09/16 17:14:43] ERROR: ServerRun::msg_peek timeout
[2014/09/16 17:14:43] ERROR: ServerRun::msg_peek timeout
[2014/09/16 17:34:55] ERROR: The media is write protected. - ASSERT(b) failed at MonitorProcess.cpp:29
[2014/09/16 19:01:43] ERROR: ServerRun::msg_peek timeout
[2014/09/16 19:01:43] ERROR: ServerRun::msg_peek timeout
[2014/09/16 19:02:37] ERROR: ServerRun::msg_peek timeout
[2014/09/16 19:02:37] ERROR: ServerRun::msg_peek timeout
[2014/09/16 20:09:15] ERROR: An existing connection was forcibly closed by the remote host. - ServerRun::msg_peek timeout
[2014/09/17 08:33:28] ERROR: ServerRun::msg_peek timeout
[2014/09/17 08:51:29] ERROR: ServerRun::msg_peek timeout
[2014/09/17 08:51:29] ERROR: ServerRun::msg_peek timeout
[2014/09/17 09:00:33] ERROR: ServerRun::msg_peek timeout
[2014/09/17 09:00:33] ERROR: ServerRun::msg_peek timeout
[2014/09/17 09:28:21] ERROR: ServerRun::msg_peek timeout
[2014/09/17 13:48:10] ERROR: ServerRun::msg_peek timeout
[2014/09/17 13:48:10] ERROR: ServerRun::msg_peek timeout
[2014/09/17 13:48:10] ERROR: ServerRun::msg_peek timeout
[2014/09/17 13:48:30] ERROR: ServerRun::msg_peek timeout
[2014/09/17 13:48:30] ERROR: ServerRun::msg_peek timeout
[2014/09/17 13:48:50] ERROR: ServerRun::msg_peek timeout
[2014/09/17 13:48:50] ERROR: ServerRun::msg_peek timeout
[2014/09/17 18:57:42] ERROR: ServerRun::msg_peek timeout
[2014/09/17 19:06:53] ERROR: ServerRun::msg_peek timeout
[2014/09/17 19:12:45] ERROR: ServerRun::msg_peek timeout
[2014/09/17 20:09:35] ERROR: ServerRun::msg_peek timeout
[2014/09/17 20:14:14] ERROR: ServerRun::msg_peek timeout
[2014/09/17 20:31:41] ERROR: ServerRun::msg_peek timeout
[2014/09/17 20:42:45] ERROR: ServerRun::msg_peek timeout
[2014/09/17 21:26:09] ERROR: ServerRun::msg_peek timeout
[2014/09/17 21:40:06] ERROR: ServerRun::msg_peek timeout
[2014/09/17 22:02:19] ERROR: ServerRun::msg_peek timeout
[2014/09/17 22:49:53] ERROR: ServerRun::msg_peek timeout
[2014/09/17 22:52:28] ERROR: ServerRun::msg_peek timeout
[2014/09/17 23:37:25] ERROR: ServerRun::msg_peek timeout
[2014/09/18 05:45:25] ERROR: ServerRun::msg_peek timeout
[2014/09/18 06:41:37] ERROR: ServerRun::msg_peek timeout
[2014/09/18 06:41:37] ERROR: ServerRun::msg_peek timeout
[2014/09/18 06:41:37] ERROR: ServerRun::msg_peek timeout
[2014/09/18 06:41:37] ERROR: ServerRun::msg_peek timeout
[2014/09/18 08:12:23] ERROR: ServerRun::msg_peek timeout
[2014/09/18 08:12:23] ERROR: ServerRun::msg_peek timeout
[2014/09/18 08:20:51] ERROR: ServerRun::msg_peek timeout
[2014/09/18 08:20:51] ERROR: ServerRun::msg_peek timeout
[2014/09/18 08:25:21] ERROR: ServerRun::msg_peek timeout
[2014/09/18 08:25:21] ERROR: ServerRun::msg_peek timeout
[2014/09/18 08:25:21] ERROR: ServerRun::msg_peek timeout
[2014/09/18 08:25:21] ERROR: ServerRun::msg_peek timeout
[2014/09/18 10:10:31] ERROR: ServerRun::msg_peek timeout
[2014/09/18 10:10:31] ERROR: ServerRun::msg_peek timeout
[2014/09/18 10:10:31] ERROR: ServerRun::msg_peek timeout
[2014/09/18 10:21:11] ERROR: ServerRun::msg_peek timeout
