[2014/07/08 08:58:00] ERROR: ASSERT(connection->user) failed at RtmpChat.cpp:252
[2014/07/08 09:25:17] ERROR: ASSERT(connection->user) failed at RtmpChat.cpp:252
[2014/07/08 16:10:20] ERROR: ASSERT(connection->user) failed at RtmpChat.cpp:252
[2014/07/08 16:16:39] ERROR: ASSERT(connection->user) failed at RtmpChat.cpp:252
[2014/07/08 16:25:11] ERROR: ASSERT(connection->user) failed at RtmpChat.cpp:252
[2014/07/08 16:25:19] ERROR: ASSERT(connection->user) failed at RtmpChat.cpp:252
[2014/07/08 16:26:40] ERROR: ASSERT(connection->user) failed at RtmpChat.cpp:252
[2014/07/08 17:04:49] ERROR: ASSERT(connection->user) failed at RtmpChat.cpp:252
[2014/07/08 17:04:51] ERROR: ASSERT(connection->user) failed at RtmpChat.cpp:252
[2014/07/08 17:07:17] ERROR: ASSERT(connection->user) failed at RtmpChat.cpp:252
[2014/07/08 17:07:42] ERROR: ASSERT(connection->user) failed at RtmpChat.cpp:252
[2014/07/08 17:36:40] ERROR: ASSERT(connection->user) failed at RtmpChat.cpp:252
[2014/07/08 18:00:14] ERROR: ASSERT(connection->user) failed at RtmpChat.cpp:252
[2014/07/08 18:17:01] ERROR: ASSERT(connection->user) failed at RtmpChat.cpp:252
[2014/07/08 18:40:11] ERROR: ASSERT(connection->user) failed at RtmpChat.cpp:252
[2014/07/08 18:47:56] ERROR: ASSERT(connection->user) failed at RtmpChat.cpp:252
[2014/07/08 19:01:17] ERROR: ASSERT(connection->user) failed at RtmpChat.cpp:252
[2014/07/08 19:10:58] ERROR: ASSERT(connection->user) failed at RtmpChat.cpp:252
[2014/07/08 19:13:36] ERROR: ASSERT(connection->user) failed at RtmpChat.cpp:252
[2014/07/08 19:15:35] ERROR: ASSERT(connection->user) failed at RtmpChat.cpp:252
[2014/07/10 12:30:46] ERROR: ASSERT(connection->user) failed at RtmpChat.cpp:252
[2014/07/10 12:39:31] ERROR: ASSERT(connection->user) failed at RtmpChat.cpp:252
[2014/07/10 12:43:14] ERROR: ASSERT(connection->user) failed at RtmpChat.cpp:252
[2014/07/10 13:43:10] ERROR: Unable to read 4 bytes from the file. Cursor: 19899 (0x00000000); 19899 ((null))
[2014/07/10 13:43:34] ERROR: Unable to read 4 bytes from the file. Cursor: 28805 (0x00000000); 28805 ((null))
[2014/07/10 14:02:49] ERROR: ASSERT(connection->user) failed at RtmpChat.cpp:252
[2014/07/11 12:57:59] ERROR: ASSERT(connection->user) failed at RtmpChat.cpp:252
[2014/07/11 14:03:42] ERROR: ASSERT(connection->user) failed at RtmpChat.cpp:252
[2014/07/11 14:04:02] ERROR: ASSERT(connection->user) failed at RtmpChat.cpp:252
[2014/07/11 14:10:25] ERROR: ASSERT(connection->user) failed at RtmpChat.cpp:252
[2014/07/14 13:09:13] ERROR: ASSERT(connection->user) failed at RtmpChat.cpp:252
[2014/07/15 11:30:46] ERROR: ASSERT(connection->user) failed at RtmpChat.cpp:252
[2014/07/15 15:46:31] ERROR: ASSERT(position <= _size.QuadPart) failed at file.cpp:152
[2014/07/15 15:46:31] ERROR: Cannot create a file when that file already exists. - Unable to read 4 bytes from the file. Cursor: 13 (0x00000000); 13 ((null))
[2014/07/15 15:46:52] ERROR: ASSERT(position <= _size.QuadPart) failed at file.cpp:152
[2014/07/15 15:46:52] ERROR: Cannot create a file when that file already exists. - Unable to read 4 bytes from the file. Cursor: 13 (0x00000000); 13 ((null))
[2014/07/15 15:47:17] ERROR: ASSERT(position <= _size.QuadPart) failed at file.cpp:152
[2014/07/15 15:47:17] ERROR: Cannot create a file when that file already exists. - Unable to read 4 bytes from the file. Cursor: 13 (0x00000000); 13 ((null))
[2014/07/16 00:58:19] ERROR: ASSERT(connection->user) failed at RtmpChat.cpp:252
[2014/07/16 09:55:50] ERROR: ASSERT(connection->user) failed at RtmpChat.cpp:252
[2014/07/16 13:41:46] ERROR: Unable to read 4 bytes from the file. Cursor: 92367 (0x00000000); 92367 ((null))
[2014/07/16 13:41:54] ERROR: ASSERT(position <= _size.QuadPart) failed at file.cpp:152
[2014/07/16 13:41:54] ERROR: Cannot create a file when that file already exists. - Unable to read 4 bytes from the file. Cursor: 13 (0x00000000); 13 ((null))
[2014/07/16 13:42:30] ERROR: ASSERT(connection->user) failed at RtmpChat.cpp:252
[2014/07/16 13:47:12] ERROR: ASSERT(position <= _size.QuadPart) failed at file.cpp:152
[2014/07/16 13:47:12] ERROR: Cannot create a file when that file already exists. - Unable to read 4 bytes from the file. Cursor: 13 (0x00000000); 13 ((null))
[2014/07/18 15:07:45] ERROR: ASSERT(connection->user) failed at RtmpChat.cpp:252
[2014/07/21 09:25:14] ERROR: ASSERT(connection->user) failed at RtmpChat.cpp:252
[2014/07/21 13:12:19] ERROR: ASSERT(position <= _size.QuadPart) failed at file.cpp:152
[2014/07/21 13:12:19] ERROR: Cannot create a file when that file already exists. - Unable to read 4 bytes from the file. Cursor: 13 (0x00000000); 13 ((null))
[2014/07/21 13:23:25] ERROR: ASSERT(connection->user) failed at RtmpChat.cpp:252
[2014/07/21 15:00:08] ERROR: ASSERT(connection->user) failed at RtmpChat.cpp:252
[2014/07/21 15:02:17] ERROR: ASSERT(connection->user) failed at RtmpChat.cpp:252
[2014/07/22 09:37:02] ERROR: ASSERT(connection->user) failed at RtmpChat.cpp:252
[2014/07/23 11:36:59] ERROR: ASSERT(connection->user) failed at RtmpChat.cpp:252
[2014/07/23 12:26:38] ERROR: Unable to read 4 bytes from the file. Cursor: 13 (0x00000000); 13 ((null))
[2014/07/23 12:26:38] ERROR: ASSERT(position <= _size.QuadPart) failed at file.cpp:152
[2014/07/23 12:26:38] ERROR: Cannot create a file when that file already exists. - Unable to read 4 bytes from the file. Cursor: 13 (0x00000000); 13 ((null))
[2014/07/24 15:14:46] ERROR: ASSERT(connection->liveuser) failed at RtmpChatFunctions.cpp:35
[2014/07/24 15:14:46] ERROR: ASSERT(liveuser) failed at RtmpChatFunctions.cpp:73
[2014/07/25 13:51:57] ERROR: Unable to read 4 bytes from the file. Cursor: 87609 (0x00000000); 87609 ((null))
[2014/07/25 13:52:05] ERROR: Unable to read 4 bytes from the file. Cursor: 105909 (0x00000000); 105909 ((null))
[2014/07/28 10:23:42] ERROR: ASSERT(connection->user) failed at RtmpChat.cpp:252
[2014/07/28 10:27:24] ERROR: ASSERT(connection->user) failed at RtmpChat.cpp:252
[2014/07/28 10:28:00] ERROR: ASSERT(connection->user) failed at RtmpChat.cpp:252
[2014/07/28 10:28:44] ERROR: ASSERT(connection->user) failed at RtmpChat.cpp:252
[2014/07/28 10:30:40] ERROR: ASSERT(connection->user) failed at RtmpChat.cpp:252
[2014/07/28 10:30:42] ERROR: ASSERT(connection->user) failed at RtmpChat.cpp:252
[2014/07/28 10:31:09] ERROR: ASSERT(connection->user) failed at RtmpChat.cpp:252
[2014/07/28 10:32:44] ERROR: ASSERT(connection->user) failed at RtmpChat.cpp:252
[2014/07/28 12:14:42] ERROR: ASSERT(connection->user) failed at RtmpChat.cpp:252
[2014/07/28 14:27:59] ERROR: ASSERT(connection->user) failed at RtmpChat.cpp:252
[2014/07/28 14:33:27] ERROR: ASSERT(connection->user) failed at RtmpChat.cpp:252
[2014/07/28 15:48:03] ERROR: ASSERT(connection->user) failed at RtmpChat.cpp:252
